<?xml version="1.0" encoding="UTF-8"?>
<testsuites>
    <testsuite name="AllTests" tests="86" assertions="269" failures="1" errors="2" time="15.542481">
        <testsuite name="Controller_Processor_PhpmdTest" file="/www/root/owaka-test/private/tests/classes/Controller/Processor/PhpmdTest.php" fullPackage="Controller.Processors" tests="3" assertions="2" failures="0" errors="0" time="0.282791">
            <testcase name="testProcess" class="Controller_Processor_PhpmdTest" file="/www/root/owaka-test/private/tests/classes/Controller/Processor/PhpmdTest.php" line="22" assertions="1" time="0.112294"/>
            <testcase name="testProcessEmpty" class="Controller_Processor_PhpmdTest" file="/www/root/owaka-test/private/tests/classes/Controller/Processor/PhpmdTest.php" line="40" assertions="1" time="0.085721"/>
            <testcase name="testGetInputReports" class="Controller_Processor_PhpmdTest" file="/www/root/owaka-test/private/tests/classes/Controller/Processor/PhpmdTest.php" line="27" assertions="0" time="0.084776"/>
        </testsuite>
        <testsuite name="Controller_Processor_PhpunitTest" file="/www/root/owaka-test/private/tests/classes/Controller/Processor/PhpunitTest.php" fullPackage="Controller.Processors" tests="3" assertions="1" failures="1" errors="1" time="0.457462">
            <testcase name="testProcess" class="Controller_Processor_PhpunitTest" file="/www/root/owaka-test/private/tests/classes/Controller/Processor/PhpunitTest.php" line="22" assertions="1" time="0.166897">
                <failure type="PHPUnit_Framework_ExpectationFailedException">Message</failure>
            </testcase>
            <testcase name="testProcessEmpty" class="Controller_Processor_PhpunitTest" file="/www/root/owaka-test/private/tests/classes/Controller/Processor/PhpunitTest.php" line="40" assertions="0" time="0.207880">
                <error type="Database_Exception">Message</error>
            </testcase>
            <testcase name="testGetInputReports" class="Controller_Processor_PhpunitTest" file="/www/root/owaka-test/private/tests/classes/Controller/Processor/PhpunitTest.php" line="27" assertions="0" time="0.082685"/>
        </testsuite>
        <testsuite name="Controller_ReportTest" file="/www/root/owaka-test/private/tests/classes/Controller/ReportTest.php" fullPackage="Controller" tests="1" assertions="8" failures="0" errors="1" time="0.100746">
            <testcase name="testActionIndex" class="Controller_ReportTest" file="/www/root/owaka-test/private/tests/classes/Controller/ReportTest.php" line="38" assertions="8" time="0.100746">
                <error type="Database_Exception">Message</error>
            </testcase>
        </testsuite>
    </testsuite>
</testsuites>
